FILE_TYPE=LIBRARY_PARTS;
PRIMITIVE 'SMLMN2BCTT86C','SMLMN2BCTT86C_LED Moulded';
  PIN
    'K':
      PIN_NUMBER='(1)';
      NO_LOAD_CHECK=BOTH;
      NO_IO_CHECK=BOTH;
      ALLOW_CONNECT=TRUE;
      PINUSE='UNSPEC';
    'A':
      PIN_NUMBER='(2)';
      NO_LOAD_CHECK=BOTH;
      NO_IO_CHECK=BOTH;
      ALLOW_CONNECT=TRUE;
      PINUSE='UNSPEC';
  END_PIN;
  BODY
    PART_NAME='SMLMN2BCTT86C';
    PHYS_DES_PREFIX='LED';
    NO_LOAD_CHECK='TRUE';
    PIN_COUNT='2';
    BODY_NAME='SMLMN2BCTT86C';
    JEDEC_TYPE='LEDM2012X100N';
  END_BODY;
END_PRIMITIVE;
END.
