Removed Pin From Net: NetName=3V3_VCC Pin=J6-1
Removed Pin From Net: NetName=3V3_VCC Pin=J6-2
Removed Pin From Net: NetName=GND Pin=J6-3
Removed Pin From Net: NetName=GND Pin=J6-5
Removed Pin From Net: NetName=CAN_Motor_P Pin=J6-6
Removed Pin From Net: NetName=CAN_Motor_N Pin=J6-7
Removed Pin From Net: NetName=GND Pin=J6-9
Removed Pin From Net: NetName=CAN_EGSE_N Pin=J6-11
Removed Pin From Net: NetName=GND Pin=J6-13
Removed Pin From Net: NetName=5V_VCC Pin=J6-14
Removed Pin From Net: NetName=5V_VCC Pin=J6-15
Removed Pin From Net: NetName=AVDD Pin=J6-17
Removed Pin From Net: NetName=ADC1_IN11 Pin=J6-18
Removed Pin From Net: NetName=ADC2_IN12 Pin=J6-19
Removed Pin From Net: NetName=GND Pin=J6-20
Removed Pin From Net: NetName=MOSI_SD Pin=J6-21
Removed Pin From Net: NetName=MISO_SD Pin=J6-22
Removed Pin From Net: NetName=SCK_SD Pin=J6-23
Removed Pin From Net: NetName=NSS_SD Pin=J6-24
Removed Pin From Net: NetName=GND Pin=J6-25
Removed Pin From Net: NetName=GND Pin=J6-26
Removed Pin From Net: NetName=UART2TTL_RX Pin=J6-27
Removed Pin From Net: NetName=UART2TTL_TX Pin=J6-28
Removed Pin From Net: NetName=Spare_RX Pin=J6-29
Removed Pin From Net: NetName=Spare_TX Pin=J6-30
Removed Pin From Net: NetName=Spare_DIO3 Pin=J6-31
Removed Pin From Net: NetName=Spare_DIO2 Pin=J6-32
Removed Pin From Net: NetName=Spare_DIO1 Pin=J6-33
Removed Pin From Net: NetName=Spare_DIO0 Pin=J6-34
Removed Pin From Net: NetName=GND Pin=J6-35
Removed Pin From Net: NetName=AGND Pin=J6-36
Removed Pin From Net: NetName=ADC3_IN13 Pin=J6-37
Added Component: Designator=R24(FP-AC0603-0_55-IPC_A)
Add component (AddParameter): Name = "Case Code (Imperial)"; Value = "0603"; VariantName = "[No Variations]"
Add component (AddParameter): Name = "Case Code (Metric)"; Value = "1608"; VariantName = "[No Variations]"
Add component (AddParameter): Name = "Case/Package"; Value = "0603"; VariantName = "[No Variations]"
Add component (AddParameter): Name = "Features"; Value = "Moisture Resistant"; VariantName = "[No Variations]"
Add component (AddParameter): Name = "Height"; Value = "0.022inch"; VariantName = "[No Variations]"
Add component (AddParameter): Name = "Lead Free"; Value = "Lead Free"; VariantName = "[No Variations]"
Add component (AddParameter): Name = "Length"; Value = "0.063inch"; VariantName = "[No Variations]"
Add component (AddParameter): Name = "Max Operating Temperature"; Value = "155¢XC"; VariantName = "[No Variations]"
Add component (AddParameter): Name = "Max Power Dissipation"; Value = "100mW"; VariantName = "[No Variations]"
Add component (AddParameter): Name = "Min Operating Temperature"; Value = "-55¢XC"; VariantName = "[No Variations]"
Add component (AddParameter): Name = "Number of Terminations"; Value = "2"; VariantName = "[No Variations]"
Add component (AddParameter): Name = "Package Quantity"; Value = "1"; VariantName = "[No Variations]"
Add component (AddParameter): Name = "Packaging"; Value = "Tape and Reel"; VariantName = "[No Variations]"
Add component (AddParameter): Name = "Power Rating"; Value = "100mW"; VariantName = "[No Variations]"
Add component (AddParameter): Name = "Resistance"; Value = "0R"; VariantName = "[No Variations]"
Add component (AddParameter): Name = "Resistor Type"; Value = "Thick Film"; VariantName = "[No Variations]"
Add component (AddParameter): Name = "Series"; Value = "AC"; VariantName = "[No Variations]"
Add component (AddParameter): Name = "Size Code"; Value = "0603"; VariantName = "[No Variations]"
Add component (AddParameter): Name = "Temperature Coefficient"; Value = "200ppm/¢XC"; VariantName = "[No Variations]"
Add component (AddParameter): Name = "Termination"; Value = "SMD/SMT"; VariantName = "[No Variations]"
Add component (AddParameter): Name = "Tolerance"; Value = "1%"; VariantName = "[No Variations]"
Add component (AddParameter): Name = "Voltage Rating"; Value = "50V"; VariantName = "[No Variations]"
Add component (AddParameter): Name = "Width"; Value = "0.031inch"; VariantName = "[No Variations]"
Added Component: Designator=R26(FP-AC0603-0_55-IPC_A)
Add component (AddParameter): Name = "Case Code (Imperial)"; Value = "0603"; VariantName = "[No Variations]"
Add component (AddParameter): Name = "Case Code (Metric)"; Value = "1608"; VariantName = "[No Variations]"
Add component (AddParameter): Name = "Case/Package"; Value = "0603"; VariantName = "[No Variations]"
Add component (AddParameter): Name = "Features"; Value = "Moisture Resistant"; VariantName = "[No Variations]"
Add component (AddParameter): Name = "Height"; Value = "0.022inch"; VariantName = "[No Variations]"
Add component (AddParameter): Name = "Lead Free"; Value = "Lead Free"; VariantName = "[No Variations]"
Add component (AddParameter): Name = "Length"; Value = "0.063inch"; VariantName = "[No Variations]"
Add component (AddParameter): Name = "Max Operating Temperature"; Value = "155¢XC"; VariantName = "[No Variations]"
Add component (AddParameter): Name = "Max Power Dissipation"; Value = "100mW"; VariantName = "[No Variations]"
Add component (AddParameter): Name = "Min Operating Temperature"; Value = "-55¢XC"; VariantName = "[No Variations]"
Add component (AddParameter): Name = "Number of Terminations"; Value = "2"; VariantName = "[No Variations]"
Add component (AddParameter): Name = "Package Quantity"; Value = "1"; VariantName = "[No Variations]"
Add component (AddParameter): Name = "Packaging"; Value = "Tape and Reel"; VariantName = "[No Variations]"
Add component (AddParameter): Name = "Power Rating"; Value = "100mW"; VariantName = "[No Variations]"
Add component (AddParameter): Name = "Resistance"; Value = "0R"; VariantName = "[No Variations]"
Add component (AddParameter): Name = "Resistor Type"; Value = "Thick Film"; VariantName = "[No Variations]"
Add component (AddParameter): Name = "Series"; Value = "AC"; VariantName = "[No Variations]"
Add component (AddParameter): Name = "Size Code"; Value = "0603"; VariantName = "[No Variations]"
Add component (AddParameter): Name = "Temperature Coefficient"; Value = "200ppm/¢XC"; VariantName = "[No Variations]"
Add component (AddParameter): Name = "Termination"; Value = "SMD/SMT"; VariantName = "[No Variations]"
Add component (AddParameter): Name = "Tolerance"; Value = "1%"; VariantName = "[No Variations]"
Add component (AddParameter): Name = "Voltage Rating"; Value = "50V"; VariantName = "[No Variations]"
Add component (AddParameter): Name = "Width"; Value = "0.031inch"; VariantName = "[No Variations]"
Added Pin To Net: NetName=ADC2_IN12 Pin=J6-1
Added Pin To Net: NetName=ADC1_IN11 Pin=J6-2
Added Pin To Net: NetName=AVDD Pin=J6-3
Added Pin To Net: NetName=5V_VCC Pin=J6-5
Added Pin To Net: NetName=5V_VCC Pin=J6-6
Added Pin To Net: NetName=GND Pin=J6-7
Added Pin To Net: NetName=CAN_EGSE_N Pin=J6-9
Added Pin To Net: NetName=GND Pin=J6-11
Added Pin To Net: NetName=CAN_Motor_N Pin=J6-13
Added Pin To Net: NetName=CAN_Motor_P Pin=J6-14
Added Pin To Net: NetName=GND Pin=J6-15
Added Pin To Net: NetName=GND Pin=J6-17
Added Pin To Net: NetName=3V3_VCC Pin=J6-18
Added Pin To Net: NetName=3V3_VCC Pin=J6-19
Added Pin To Net: NetName=ADC3_IN13 Pin=J6-20
Added Pin To Net: NetName=AGND Pin=J6-21
Added Pin To Net: NetName=GND Pin=J6-22
Added Pin To Net: NetName=Spare_DIO0 Pin=J6-23
Added Pin To Net: NetName=Spare_DIO1 Pin=J6-24
Added Pin To Net: NetName=Spare_DIO2 Pin=J6-25
Added Pin To Net: NetName=Spare_DIO3 Pin=J6-26
Added Pin To Net: NetName=Spare_TX Pin=J6-27
Added Pin To Net: NetName=Spare_RX Pin=J6-28
Added Pin To Net: NetName=UART2TTL_TX Pin=J6-29
Added Pin To Net: NetName=UART2TTL_RX Pin=J6-30
Added Pin To Net: NetName=GND Pin=J6-31
Added Pin To Net: NetName=GND Pin=J6-32
Added Pin To Net: NetName=NSS_SD Pin=J6-33
Added Pin To Net: NetName=SCK_SD Pin=J6-34
Added Pin To Net: NetName=MISO_SD Pin=J6-35
Added Pin To Net: NetName=MOSI_SD Pin=J6-36
Added Pin To Net: NetName=GND Pin=J6-37
Added Pin To Net: NetName=Chassis_GND Pin=R24-1
Added Pin To Net: NetName=Chassis_GND Pin=R26-1
Added Pin To Net: NetName=NetJ6_MH1 Pin=J6-MH1
Added Pin To Net: NetName=NetJ6_MH1 Pin=R24-2
Added Net: Name=NetJ6_MH1
Added Pin To Net: NetName=NetJ6_MH2 Pin=J6-MH2
Added Pin To Net: NetName=NetJ6_MH2 Pin=R26-2
Added Net: Name=NetJ6_MH2
Added Member To Class: ClassName=Asfaloth_L2_AVI_ver1.1 Member=Component R24 0Ohm
Added Member To Class: ClassName=Asfaloth_L2_AVI_ver1.1 Member=Component R26 0Ohm
