Removed Pin From Net: NetName=GND Pin=J6-14
Removed Pin From Net: NetName=5V_VCC Pin=J6-16
Removed Pin From Net: NetName=3V3_VCC Pin=P2-1
Removed Pin From Net: NetName=GND Pin=P2-2
Removed Pin From Net: NetName=3V3_VCC Pin=P2-3
Removed Pin From Net: NetName=MOSI_SD Pin=P2-4
Removed Pin From Net: NetName=GND Pin=P2-5
Removed Pin From Net: NetName=MISO_SD Pin=P2-6
Removed Pin From Net: NetName=GND Pin=P2-7
Removed Pin From Net: NetName=SCK_SD Pin=P2-8
Removed Pin From Net: NetName=GND Pin=P2-9
Removed Pin From Net: NetName=NSS_SD Pin=P2-10
Removed Pin From Net: NetName=CAN_Motor_P Pin=P2-11
Removed Pin From Net: NetName=GND Pin=P2-12
Removed Pin From Net: NetName=CAN_Motor_N Pin=P2-13
Removed Pin From Net: NetName=GND Pin=P2-14
Removed Pin From Net: NetName=GND Pin=P2-15
Removed Pin From Net: NetName=UART2TTL_RX Pin=P2-16
Removed Pin From Net: NetName=GND Pin=P2-17
Removed Pin From Net: NetName=UART2TTL_TX Pin=P2-18
Removed Pin From Net: NetName=CAN_EGSE_P Pin=P2-19
Removed Pin From Net: NetName=Spare_RX Pin=P2-20
Removed Pin From Net: NetName=CAN_EGSE_N Pin=P2-21
Removed Pin From Net: NetName=Spare_TX Pin=P2-22
Removed Pin From Net: NetName=GND Pin=P2-23
Removed Pin From Net: NetName=Spare_DIO3 Pin=P2-24
Removed Pin From Net: NetName=GND Pin=P2-25
Removed Pin From Net: NetName=Spare_DIO2 Pin=P2-26
Removed Pin From Net: NetName=GND Pin=P2-27
Removed Pin From Net: NetName=Spare_DIO1 Pin=P2-28
Removed Pin From Net: NetName=5V_VCC Pin=P2-29
Removed Pin From Net: NetName=Spare_DIO0 Pin=P2-30
Removed Pin From Net: NetName=5V_VCC Pin=P2-31
Removed Pin From Net: NetName=GND Pin=P2-32
Removed Member From Class: ClassName=Asfaloth_L2_AVI_ver1.1 Member=P2
Added Pin To Net: NetName=5V_VCC Pin=J6-14
Added Pin To Net: NetName=GND Pin=J6-16
Added Pin To Net: NetName=AVDD Pin=J6-17
Added Pin To Net: NetName=AGND Pin=J6-36
Added Pin To Net: NetName=ADC1_IN11 Pin=J6-18
Added Pin To Net: NetName=ADC1_IN11 Pin=U1-27
Added Net: Name=ADC1_IN11
Added Pin To Net: NetName=ADC2_IN12 Pin=J6-19
Added Pin To Net: NetName=ADC2_IN12 Pin=U1-28
Added Net: Name=ADC2_IN12
Added Pin To Net: NetName=ADC3_IN13 Pin=J6-37
Added Pin To Net: NetName=ADC3_IN13 Pin=U1-29
Added Net: Name=ADC3_IN13
