FILE_TYPE=LIBRARY_PARTS;
PRIMITIVE 'SML_H12V8TT86C','SML_H12V8TT86C_LEDs Chip';
  PIN
    'K':
      PIN_NUMBER='(1)';
      NO_LOAD_CHECK=BOTH;
      NO_IO_CHECK=BOTH;
      ALLOW_CONNECT=TRUE;
      PINUSE='UNSPEC';
    'A':
      PIN_NUMBER='(2)';
      NO_LOAD_CHECK=BOTH;
      NO_IO_CHECK=BOTH;
      ALLOW_CONNECT=TRUE;
      PINUSE='UNSPEC';
  END_PIN;
  BODY
    PART_NAME='SML_H12V8TT86C';
    PHYS_DES_PREFIX='LED';
    NO_LOAD_CHECK='TRUE';
    PIN_COUNT='2';
    BODY_NAME='SML_H12V8TT86C';
    JEDEC_TYPE='LEDC2012X80N';
  END_BODY;
END_PRIMITIVE;
END.
