FILE_TYPE=LIBRARY_PARTS;
PRIMITIVE 'CSS0805FT10L0','CSS0805FT10L0_Other';
  PIN
    '1':
      PIN_NUMBER='(1)';
      NO_LOAD_CHECK=BOTH;
      NO_IO_CHECK=BOTH;
      ALLOW_CONNECT=TRUE;
      PINUSE='UNSPEC';
    '2':
      PIN_NUMBER='(2)';
      NO_LOAD_CHECK=BOTH;
      NO_IO_CHECK=BOTH;
      ALLOW_CONNECT=TRUE;
      PINUSE='UNSPEC';
  END_PIN;
  BODY
    PART_NAME='CSS0805FT10L0';
    PHYS_DES_PREFIX='R';
    NO_LOAD_CHECK='TRUE';
    PIN_COUNT='2';
    BODY_NAME='CSS0805FT10L0';
    JEDEC_TYPE='CSS0805FT10L0';
  END_BODY;
END_PRIMITIVE;
END.
