FILE_TYPE=LIBRARY_PARTS;
PRIMITIVE 'GRT188C71C475KE13D','GRT188C71C475KE13D_Other';
  PIN
    '1':
      PIN_NUMBER='(1)';
      NO_LOAD_CHECK=BOTH;
      NO_IO_CHECK=BOTH;
      ALLOW_CONNECT=TRUE;
      PINUSE='UNSPEC';
    '2':
      PIN_NUMBER='(2)';
      NO_LOAD_CHECK=BOTH;
      NO_IO_CHECK=BOTH;
      ALLOW_CONNECT=TRUE;
      PINUSE='UNSPEC';
  END_PIN;
  BODY
    PART_NAME='GRT188C71C475KE13D';
    PHYS_DES_PREFIX='C';
    NO_LOAD_CHECK='TRUE';
    PIN_COUNT='2';
    BODY_NAME='GRT188C71C475KE13D';
    JEDEC_TYPE='GRT188';
  END_BODY;
END_PRIMITIVE;
END.
